Сборка начата 28.02.2014 0:41:26.
     1>Проект "d:\MySRC\c\glbasecamp\task3\task3_1\task3_1\task3_1.vcxproj" в узле 2 (целевые объекты Build).
     1>InitializeBuildStatus:
         Создание "Release\task3_1.tlog\unsuccessfulbuild", так как было задано "AlwaysCreate".
       ClCompile:
         C:\Program Files (x86)\Microsoft Visual Studio 12.0\VC\bin\CL.exe /c /Zi /nologo /Wall /WX- /sdl /Ox /Ob2 /Oi /Ot /Oy- /GT /GL /D WIN32 /D NDEBUG /D _CONSOLE /D _UNICODE /D UNICODE /Gm- /EHsc /MT /GS /Gy /fp:precise /Zc:wchar_t /Zc:forScope /Fo"Release\\" /Fd"Release\vc120.pdb" /Gd /TC /analyze- /errorReport:prompt main.c
         main.c
       Link:
         C:\Program Files (x86)\Microsoft Visual Studio 12.0\VC\bin\link.exe /ERRORREPORT:PROMPT /OUT:"D:\MySRC\c\glbasecamp\task3\task3_1\Release\task3_1.exe" /INCREMENTAL:NO /NOLOGO kernel32.lib user32.lib gdi32.lib winspool.lib comdlg32.lib advapi32.lib shell32.lib ole32.lib oleaut32.lib uuid.lib odbc32.lib odbccp32.lib /MANIFEST /MANIFESTUAC:"level='asInvoker' uiAccess='false'" /manifest:embed /DEBUG /PDB:"D:\MySRC\c\glbasecamp\task3\task3_1\Release\task3_1.pdb" /SUBSYSTEM:CONSOLE /OPT:REF /OPT:ICF /LTCG /TLBID:1 /DYNAMICBASE /NXCOMPAT /IMPLIB:"D:\MySRC\c\glbasecamp\task3\task3_1\Release\task3_1.lib" /MACHINE:X86 /SAFESEH Release\main.obj
         Release\task3_1_funcs.obj
         Создание кода
     1>d:\mysrc\c\glbasecamp\task3\task3_1\task3_1\task3_1_funcs.c(125): warning C4711: функция "StrLen" выбрана для автоматического преобразования во встроенную
     1>d:\mysrc\c\glbasecamp\task3\task3_1\task3_1\task3_1_funcs.c(64): warning C4711: функция "IsUpper" выбрана для автоматического преобразования во встроенную
     1>d:\mysrc\c\glbasecamp\task3\task3_1\task3_1\task3_1_funcs.c(64): warning C4711: функция "IsLower" выбрана для автоматического преобразования во встроенную
     1>d:\mysrc\c\glbasecamp\task3\task3_1\task3_1\task3_1_funcs.c(69): warning C4711: функция "IsDigit" выбрана для автоматического преобразования во встроенную
     1>d:\mysrc\c\glbasecamp\task3\task3_1\task3_1\task3_1_funcs.c(64): warning C4711: функция "IsUpper" выбрана для автоматического преобразования во встроенную
     1>d:\mysrc\c\glbasecamp\task3\task3_1\task3_1\task3_1_funcs.c(64): warning C4711: функция "IsLower" выбрана для автоматического преобразования во встроенную
     1>d:\mysrc\c\glbasecamp\task3\task3_1\task3_1\task3_1_funcs.c(69): warning C4711: функция "IsAlpha" выбрана для автоматического преобразования во встроенную
     1>d:\mysrc\c\glbasecamp\task3\task3_1\task3_1\task3_1_funcs.c(69): warning C4711: функция "IsDigit" выбрана для автоматического преобразования во встроенную
     1>d:\mysrc\c\glbasecamp\task3\task3_1\task3_1\task3_1_funcs.c(64): warning C4711: функция "IsUpper" выбрана для автоматического преобразования во встроенную
     1>d:\mysrc\c\glbasecamp\task3\task3_1\task3_1\task3_1_funcs.c(64): warning C4711: функция "IsLower" выбрана для автоматического преобразования во встроенную
     1>d:\mysrc\c\glbasecamp\task3\task3_1\task3_1\task3_1_funcs.c(69): warning C4711: функция "IsAlpha" выбрана для автоматического преобразования во встроенную
     1>d:\mysrc\c\glbasecamp\task3\task3_1\task3_1\task3_1_funcs.c(88): warning C4711: функция "IsAlnum" выбрана для автоматического преобразования во встроенную
     1>d:\mysrc\c\glbasecamp\task3\task3_1\task3_1\task3_1_funcs.c(69): warning C4711: функция "IsDigit" выбрана для автоматического преобразования во встроенную
     1>d:\mysrc\c\glbasecamp\task3\task3_1\task3_1\task3_1_funcs.c(64): warning C4711: функция "IsUpper" выбрана для автоматического преобразования во встроенную
     1>d:\mysrc\c\glbasecamp\task3\task3_1\task3_1\task3_1_funcs.c(64): warning C4711: функция "IsLower" выбрана для автоматического преобразования во встроенную
     1>d:\mysrc\c\glbasecamp\task3\task3_1\task3_1\task3_1_funcs.c(69): warning C4711: функция "IsAlpha" выбрана для автоматического преобразования во встроенную
     1>d:\mysrc\c\glbasecamp\task3\task3_1\task3_1\task3_1_funcs.c(94): warning C4711: функция "IsAlnum" выбрана для автоматического преобразования во встроенную
     1>d:\mysrc\c\glbasecamp\task3\task3_1\task3_1\task3_1_funcs.c(69): warning C4711: функция "IsDigit" выбрана для автоматического преобразования во встроенную
     1>d:\mysrc\c\glbasecamp\task3\task3_1\task3_1\task3_1_funcs.c(64): warning C4711: функция "IsUpper" выбрана для автоматического преобразования во встроенную
     1>d:\mysrc\c\glbasecamp\task3\task3_1\task3_1\task3_1_funcs.c(64): warning C4711: функция "IsLower" выбрана для автоматического преобразования во встроенную
     1>d:\mysrc\c\glbasecamp\task3\task3_1\task3_1\task3_1_funcs.c(69): warning C4711: функция "IsAlpha" выбрана для автоматического преобразования во встроенную
     1>d:\mysrc\c\glbasecamp\task3\task3_1\task3_1\main.c(20): warning C4711: функция "IsAlnum" выбрана для автоматического преобразования во встроенную
         Создание кода завершено
         task3_1.vcxproj -> D:\MySRC\c\glbasecamp\task3\task3_1\Release\task3_1.exe
       FinalizeBuildStatus:
         Файл "Release\task3_1.tlog\unsuccessfulbuild" удаляется.
         Обращение к "Release\task3_1.tlog\task3_1.lastbuildstate".
     1>Сборка проекта "d:\MySRC\c\glbasecamp\task3\task3_1\task3_1\task3_1.vcxproj" завершена (целевые объекты Build).

Сборка успешно завершена.

Затраченное время: 00:00:00.71
