C:\USERS\TEMP\DOCUMENTS\VISUAL STUDIO 2012\PROJECTS\TASK3_1\TASK3_1\RELEASE\TASK3_1_FUNCS.OBJ
C:\USERS\TEMP\DOCUMENTS\VISUAL STUDIO 2012\PROJECTS\TASK3_1\TASK3_1\RELEASE\MAIN.OBJ
C:\USERS\TEMP\DOCUMENTS\VISUAL STUDIO 2012\PROJECTS\TASK3_1\TASK3_1\RELEASE\VC110.PDB
C:\USERS\TEMP\DOCUMENTS\VISUAL STUDIO 2012\PROJECTS\TASK3_1\RELEASE\TASK3_1.EXE
C:\USERS\TEMP\DOCUMENTS\VISUAL STUDIO 2012\PROJECTS\TASK3_1\RELEASE\TASK3_1.PDB
c:\Users\TEMP\documents\visual studio 2012\Projects\task3_1\task3_1\Release\main.obj
c:\Users\TEMP\documents\visual studio 2012\Projects\task3_1\task3_1\Release\task3_1_funcs.obj
c:\Users\TEMP\documents\visual studio 2012\Projects\task3_1\task3_1\Release\cl.command.1.tlog
c:\Users\TEMP\documents\visual studio 2012\Projects\task3_1\task3_1\Release\CL.read.1.tlog
c:\Users\TEMP\documents\visual studio 2012\Projects\task3_1\task3_1\Release\CL.write.1.tlog
c:\Users\TEMP\documents\visual studio 2012\Projects\task3_1\task3_1\Release\link-cvtres.read.1.tlog
c:\Users\TEMP\documents\visual studio 2012\Projects\task3_1\task3_1\Release\link-cvtres.write.1.tlog
c:\Users\TEMP\documents\visual studio 2012\Projects\task3_1\task3_1\Release\link-rc.read.1.tlog
c:\Users\TEMP\documents\visual studio 2012\Projects\task3_1\task3_1\Release\link-rc.write.1.tlog
c:\Users\TEMP\documents\visual studio 2012\Projects\task3_1\task3_1\Release\link.command.1.tlog
c:\Users\TEMP\documents\visual studio 2012\Projects\task3_1\task3_1\Release\link.read.1.tlog
c:\Users\TEMP\documents\visual studio 2012\Projects\task3_1\task3_1\Release\link.write.1.tlog
c:\Users\TEMP\documents\visual studio 2012\Projects\task3_1\task3_1\Release\vc110.pdb
c:\users\temp\documents\visual studio 2012\Projects\task3_1\Release\task3_1.pdb
c:\users\temp\documents\visual studio 2012\Projects\task3_1\Release\task3_1.exe
